{"level":"error","message":"This is a error log test"}
{"level":"fatal","message":"This is a fatal log test"}
{"level":"error"}
{"level":"error"}
{"level":"error"}
{"level":"error"}
{"level":"error","message":"User not found"}
{"level":"error"}
{"level":"error"}
{"level":"error"}
{"level":"error"}
{"level":"error"}
{"level":"error"}
{"level":"error","message":"Error connecting to the database: connection 1 to 44.205.171.252:27017 closed","stack":"MongoNetworkError: connection 1 to 44.205.171.252:27017 closed\n    at Connection.onClose (C:\\Users\\Lucas\\OneDrive\\Desktop\\estudios\\Programming\\coderhouse\\Backend\\integradora3\\Back_Integradora3\\node_modules\\mongodb\\lib\\cmap\\connection.js:124:28)\n    at TLSSocket.<anonymous> (C:\\Users\\Lucas\\OneDrive\\Desktop\\estudios\\Programming\\coderhouse\\Backend\\integradora3\\Back_Integradora3\\node_modules\\mongodb\\lib\\cmap\\connection.js:66:46)\n    at TLSSocket.emit (node:events:513:28)\n    at node:net:322:12\n    at TCP.done (node:_tls_wrap:588:7)"}
{"level":"error","message":"Token verification failed:"}
{"level":"error","message":"Token verification failed:"}
{"level":"error","message":"Token verification failed:"}
{"level":"error","message":"Token verification failed:"}
{"level":"error","message":"Token verification failed:"}
{"level":"error","message":"Token verification failed:"}
{"level":"error"}
{"level":"error"}
{"level":"error"}
{"level":"error"}
{"level":"error"}
{"level":"error"}
{"level":"error"}
{"level":"error"}
{"level":"error"}
{"level":"error"}
{"level":"error","message":"This is a error log test"}
{"level":"fatal","message":"This is a fatal log test"}
{"level":"error","message":"Token verification failed:"}
{"level":"error","message":"Token verification failed:"}
{"level":"error","message":"Token verification failed:"}
{"level":"error","message":"Token verification failed:"}
{"level":"error","message":"Token verification failed:"}
{"level":"error","message":"Token verification failed:"}
{"level":"error","message":"Token verification failed:"}
{"level":"error","message":"Token verification failed:"}
{"level":"error","message":"Token verification failed:"}
{"level":"error","message":"Token verification failed:"}
{"level":"error","message":"Token verification failed:"}
{"level":"error","message":"Token verification failed:"}
{"level":"error","message":"Token verification failed:"}
{"level":"error","message":"Token verification failed:"}
{"level":"error","message":"Token verification failed:"}
{"level":"error","message":"Token verification failed:"}
{"level":"error","message":"Token verification failed:"}
{"level":"error","message":"Token verification failed:"}
{"level":"error","message":"Token verification failed:"}
{"level":"error","message":"Token verification failed:"}
{"level":"error","message":"Token verification failed:"}
{"level":"error","message":"Token verification failed:"}
{"level":"error","message":"Token verification failed:"}
{"level":"error","message":"Token verification failed:"}
{"level":"error","message":"Token verification failed:"}
{"level":"error","message":"Token verification failed:"}
{"level":"error","message":"Token verification failed:"}
{"level":"error","message":"Token verification failed:"}
{"level":"error","message":"Token verification failed:"}
{"level":"error","message":"Token verification failed:"}
{"level":"error","message":"Token verification failed:"}
{"level":"error","message":"Token verification failed:"}
{"level":"error","message":"Token verification failed:"}
{"level":"error","message":"Token verification failed:"}
{"level":"error","message":"Token verification failed:"}
{"level":"error","message":"Token verification failed:"}
{"level":"error","message":"Token verification failed:"}
{"level":"error","message":"Token verification failed:"}
{"level":"error","message":"Token verification failed:"}
{"level":"error","message":"Token verification failed"}
{"level":"error","message":"Token verification failed"}
{"level":"error","message":"Token verification failed"}
{"level":"error","message":"Token verification failed"}
{"level":"error","message":"Token verification failed"}
{"level":"error","message":"Token verification failed"}
{"level":"error","message":"Token verification failed"}
{"level":"error","message":"Token verification failed"}
{"level":"error","message":"Token verification failed"}
{"level":"error","message":"Error deleting inactive users: sendMail is not defined","stack":"ReferenceError: sendMail is not defined\n    at file:///C:/Users/Lucas/OneDrive/Desktop/estudios/Programming/coderhouse/Backend/testing/Back_Testing/src/dao/mongo/usersMongo.js:35:7\n    at Array.forEach (<anonymous>)\n    at Module.deleteInactiveUsers (file:///C:/Users/Lucas/OneDrive/Desktop/estudios/Programming/coderhouse/Backend/testing/Back_Testing/src/dao/mongo/usersMongo.js:33:19)\n    at process.processTicksAndRejections (node:internal/process/task_queues:95:5)\n    at async deleteUsers (file:///C:/Users/Lucas/OneDrive/Desktop/estudios/Programming/coderhouse/Backend/testing/Back_Testing/src/controller/users.controller.js:198:32)"}
{"level":"error","message":"Error deleting inactive users: sendMail is not defined","stack":"ReferenceError: sendMail is not defined\n    at file:///C:/Users/Lucas/OneDrive/Desktop/estudios/Programming/coderhouse/Backend/testing/Back_Testing/src/dao/mongo/usersMongo.js:35:7\n    at Array.forEach (<anonymous>)\n    at Module.deleteInactiveUsers (file:///C:/Users/Lucas/OneDrive/Desktop/estudios/Programming/coderhouse/Backend/testing/Back_Testing/src/dao/mongo/usersMongo.js:33:19)\n    at process.processTicksAndRejections (node:internal/process/task_queues:95:5)\n    at async deleteUsers (file:///C:/Users/Lucas/OneDrive/Desktop/estudios/Programming/coderhouse/Backend/testing/Back_Testing/src/controller/users.controller.js:198:32)"}
{"level":"error","message":"Error deleting inactive users: sendMail is not defined","stack":"ReferenceError: sendMail is not defined\n    at file:///C:/Users/Lucas/OneDrive/Desktop/estudios/Programming/coderhouse/Backend/testing/Back_Testing/src/dao/mongo/usersMongo.js:35:7\n    at Array.forEach (<anonymous>)\n    at Module.deleteInactiveUsers (file:///C:/Users/Lucas/OneDrive/Desktop/estudios/Programming/coderhouse/Backend/testing/Back_Testing/src/dao/mongo/usersMongo.js:33:19)\n    at process.processTicksAndRejections (node:internal/process/task_queues:95:5)\n    at async deleteUsers (file:///C:/Users/Lucas/OneDrive/Desktop/estudios/Programming/coderhouse/Backend/testing/Back_Testing/src/controller/users.controller.js:198:32)"}
{"level":"error","message":"Error deleting inactive users: sendMail is not defined","stack":"ReferenceError: sendMail is not defined\n    at file:///C:/Users/Lucas/OneDrive/Desktop/estudios/Programming/coderhouse/Backend/testing/Back_Testing/src/dao/mongo/usersMongo.js:35:7\n    at Array.forEach (<anonymous>)\n    at Module.deleteInactiveUsers (file:///C:/Users/Lucas/OneDrive/Desktop/estudios/Programming/coderhouse/Backend/testing/Back_Testing/src/dao/mongo/usersMongo.js:33:19)\n    at process.processTicksAndRejections (node:internal/process/task_queues:95:5)\n    at async deleteUsers (file:///C:/Users/Lucas/OneDrive/Desktop/estudios/Programming/coderhouse/Backend/testing/Back_Testing/src/controller/users.controller.js:198:32)"}
{"level":"error","message":"Error deleting inactive users: sendMail is not defined","stack":"ReferenceError: sendMail is not defined\n    at file:///C:/Users/Lucas/OneDrive/Desktop/estudios/Programming/coderhouse/Backend/testing/Back_Testing/src/dao/mongo/usersMongo.js:35:7\n    at Array.forEach (<anonymous>)\n    at Module.deleteInactiveUsers (file:///C:/Users/Lucas/OneDrive/Desktop/estudios/Programming/coderhouse/Backend/testing/Back_Testing/src/dao/mongo/usersMongo.js:33:19)\n    at process.processTicksAndRejections (node:internal/process/task_queues:95:5)\n    at async deleteUsers (file:///C:/Users/Lucas/OneDrive/Desktop/estudios/Programming/coderhouse/Backend/testing/Back_Testing/src/controller/users.controller.js:198:32)"}
{"level":"error","message":"Error deleting user"}
{"level":"error","message":"Error deleting user"}
{"level":"error","message":"This is a error log test"}
{"level":"fatal","message":"This is a fatal log test"}
{"level":"error","message":"This is a error log test"}
{"level":"fatal","message":"This is a fatal log test"}
{"level":"error","message":"This is a error log test"}
{"level":"fatal","message":"This is a fatal log test"}
{"level":"error","message":"This is a error log test"}
{"level":"fatal","message":"This is a fatal log test"}
{"cause":null,"error":"invalid_items","level":"error","message":"items.0.unit_price must be a number","status":400}
{"cause":null,"error":"invalid_items","level":"error","message":"items.0.unit_price must be a number","status":400}
{"cause":null,"error":"invalid_items","level":"error","message":"unit_price invalid","status":400}
{"cause":null,"error":"invalid_items","level":"error","message":"unit_price invalid","status":400}
{"cause":null,"error":"invalid_items","level":"error","message":"unit_price invalid","status":400}
{"code":"EREFUSED","hostname":"_mongodb._tcp.clusterbackend.eksdwt8.mongodb.net","level":"error","message":"Error connecting to the database: querySrv EREFUSED _mongodb._tcp.clusterbackend.eksdwt8.mongodb.net","stack":"Error: querySrv EREFUSED _mongodb._tcp.clusterbackend.eksdwt8.mongodb.net\n    at QueryReqWrap.onresolve [as oncomplete] (node:internal/dns/promises:251:17)","syscall":"querySrv"}
{"code":"EREFUSED","hostname":"_mongodb._tcp.clusterbackend.eksdwt8.mongodb.net","level":"error","message":"Error connecting to the database: querySrv EREFUSED _mongodb._tcp.clusterbackend.eksdwt8.mongodb.net","stack":"Error: querySrv EREFUSED _mongodb._tcp.clusterbackend.eksdwt8.mongodb.net\n    at QueryReqWrap.onresolve [as oncomplete] (node:internal/dns/promises:251:17)","syscall":"querySrv"}
{"code":"EREFUSED","hostname":"_mongodb._tcp.clusterbackend.eksdwt8.mongodb.net","level":"error","message":"Error connecting to the database: querySrv EREFUSED _mongodb._tcp.clusterbackend.eksdwt8.mongodb.net","stack":"Error: querySrv EREFUSED _mongodb._tcp.clusterbackend.eksdwt8.mongodb.net\n    at QueryReqWrap.onresolve [as oncomplete] (node:internal/dns/promises:251:17)","syscall":"querySrv"}
{"code":"ECONNREFUSED","hostname":"_mongodb._tcp.clusterbackend.eksdwt8.mongodb.net","level":"error","message":"Error connecting to the database: querySrv ECONNREFUSED _mongodb._tcp.clusterbackend.eksdwt8.mongodb.net","stack":"Error: querySrv ECONNREFUSED _mongodb._tcp.clusterbackend.eksdwt8.mongodb.net\n    at QueryReqWrap.onresolve [as oncomplete] (node:internal/dns/promises:251:17)","syscall":"querySrv"}
{"code":"EREFUSED","hostname":"_mongodb._tcp.clusterbackend.eksdwt8.mongodb.net","level":"error","message":"Error connecting to the database: querySrv EREFUSED _mongodb._tcp.clusterbackend.eksdwt8.mongodb.net","stack":"Error: querySrv EREFUSED _mongodb._tcp.clusterbackend.eksdwt8.mongodb.net\n    at QueryReqWrap.onresolve [as oncomplete] (node:internal/dns/promises:251:17)","syscall":"querySrv"}
{"code":"EREFUSED","hostname":"_mongodb._tcp.clusterbackend.eksdwt8.mongodb.net","level":"error","message":"Error connecting to the database: querySrv EREFUSED _mongodb._tcp.clusterbackend.eksdwt8.mongodb.net","stack":"Error: querySrv EREFUSED _mongodb._tcp.clusterbackend.eksdwt8.mongodb.net\n    at QueryReqWrap.onresolve [as oncomplete] (node:internal/dns/promises:251:17)","syscall":"querySrv"}
{"code":"ECONNABORTED","errno":"ECONNABORTED","level":"error","message":"request to https://api.mercadopago.com/checkout/preferences/ failed, reason: connect ECONNABORTED 34.197.192.44:443","type":"system"}
{"code":"ENOTFOUND","errno":"ENOTFOUND","level":"error","message":"request to https://api.mercadopago.com/checkout/preferences/ failed, reason: getaddrinfo ENOTFOUND api.mercadopago.com","type":"system"}
